<?xml version="1.0" encoding="UTF-8"?>
<!-- Generated by org.testng.reporters.JUnitReportReporter -->
<testsuite hostname="LAPTOP-SHILPA" failures="0" tests="2" name="tests.RegistrationTestDtPvd" time="11.378" errors="0" timestamp="2022-08-11T16:23:06 EDT" skipped="0">
  <testcase classname="tests.RegistrationTestDtPvd" name="flightReg" time="5.297"/>
  <system-out/>
  <testcase classname="tests.RegistrationTestDtPvd" name="flightReg" time="6.081"/>
  <system-out/>
</testsuite> <!-- tests.RegistrationTestDtPvd -->
