<?xml version="1.0" encoding="UTF-8"?>
<!-- Generated by org.testng.reporters.JUnitReportReporter -->
<testsuite hostname="LAPTOP-SHILPA" failures="0" tests="1" name="tests.NewTest1" time="19.188" errors="0" timestamp="2022-08-10T22:44:11 EDT" skipped="0">
  <testcase classname="tests.NewTest1" name="f" time="19.188"/>
  <system-out/>
</testsuite> <!-- tests.NewTest1 -->
